[2019-01-24 08:49:14,583] TRACE [Controller id=0 epoch=2] Sending UpdateMetadata request PartitionState(controllerEpoch=1, leader=0, leaderEpoch=0, isr=[0], zkVersion=0, replicas=[0], offlineReplicas=[]) to brokers Set(0) for partition parsed_tweet-0 (state.change.logger)
[2019-01-24 08:49:14,655] TRACE [Controller id=0 epoch=2] Sending UpdateMetadata request PartitionState(controllerEpoch=1, leader=0, leaderEpoch=0, isr=[0], zkVersion=0, replicas=[0], offlineReplicas=[]) to brokers Set(0) for partition cleaned_tweet-0 (state.change.logger)
[2019-01-24 08:49:14,655] TRACE [Controller id=0 epoch=2] Sending UpdateMetadata request PartitionState(controllerEpoch=1, leader=0, leaderEpoch=0, isr=[0], zkVersion=0, replicas=[0], offlineReplicas=[]) to brokers Set(0) for partition raw_tweets-0 (state.change.logger)
[2019-01-24 08:49:14,656] TRACE [Controller id=0 epoch=2] Sending UpdateMetadata request PartitionState(controllerEpoch=1, leader=0, leaderEpoch=0, isr=[0], zkVersion=0, replicas=[0], offlineReplicas=[]) to brokers Set(0) for partition normalized_tweet-0 (state.change.logger)
[2019-01-24 08:49:14,662] TRACE [Controller id=0 epoch=2] Changed state of replica 0 for partition raw_tweets-0 from OnlineReplica to OnlineReplica (state.change.logger)
[2019-01-24 08:49:14,663] TRACE [Controller id=0 epoch=2] Changed state of replica 0 for partition normalized_tweet-0 from OnlineReplica to OnlineReplica (state.change.logger)
[2019-01-24 08:49:14,663] TRACE [Controller id=0 epoch=2] Changed state of replica 0 for partition parsed_tweet-0 from OnlineReplica to OnlineReplica (state.change.logger)
[2019-01-24 08:49:14,663] TRACE [Controller id=0 epoch=2] Changed state of replica 0 for partition cleaned_tweet-0 from OnlineReplica to OnlineReplica (state.change.logger)
[2019-01-24 08:49:14,664] TRACE [Controller id=0 epoch=2] Sending become-leader LeaderAndIsr request PartitionState(controllerEpoch=1, leader=0, leaderEpoch=0, isr=0, zkVersion=0, replicas=0, isNew=false) to broker 0 for partition parsed_tweet-0 (state.change.logger)
[2019-01-24 08:49:14,664] TRACE [Controller id=0 epoch=2] Sending become-leader LeaderAndIsr request PartitionState(controllerEpoch=1, leader=0, leaderEpoch=0, isr=0, zkVersion=0, replicas=0, isNew=false) to broker 0 for partition cleaned_tweet-0 (state.change.logger)
[2019-01-24 08:49:14,664] TRACE [Controller id=0 epoch=2] Sending become-leader LeaderAndIsr request PartitionState(controllerEpoch=1, leader=0, leaderEpoch=0, isr=0, zkVersion=0, replicas=0, isNew=false) to broker 0 for partition raw_tweets-0 (state.change.logger)
[2019-01-24 08:49:14,664] TRACE [Controller id=0 epoch=2] Sending become-leader LeaderAndIsr request PartitionState(controllerEpoch=1, leader=0, leaderEpoch=0, isr=0, zkVersion=0, replicas=0, isNew=false) to broker 0 for partition normalized_tweet-0 (state.change.logger)
[2019-01-24 08:49:14,664] TRACE [Controller id=0 epoch=2] Sending UpdateMetadata request PartitionState(controllerEpoch=1, leader=0, leaderEpoch=0, isr=[0], zkVersion=0, replicas=[0], offlineReplicas=[]) to brokers Set(0) for partition parsed_tweet-0 (state.change.logger)
[2019-01-24 08:49:14,664] TRACE [Controller id=0 epoch=2] Sending UpdateMetadata request PartitionState(controllerEpoch=1, leader=0, leaderEpoch=0, isr=[0], zkVersion=0, replicas=[0], offlineReplicas=[]) to brokers Set(0) for partition cleaned_tweet-0 (state.change.logger)
[2019-01-24 08:49:14,664] TRACE [Controller id=0 epoch=2] Sending UpdateMetadata request PartitionState(controllerEpoch=1, leader=0, leaderEpoch=0, isr=[0], zkVersion=0, replicas=[0], offlineReplicas=[]) to brokers Set(0) for partition raw_tweets-0 (state.change.logger)
[2019-01-24 08:49:14,664] TRACE [Controller id=0 epoch=2] Sending UpdateMetadata request PartitionState(controllerEpoch=1, leader=0, leaderEpoch=0, isr=[0], zkVersion=0, replicas=[0], offlineReplicas=[]) to brokers Set(0) for partition normalized_tweet-0 (state.change.logger)
[2019-01-24 08:49:26,751] TRACE [Broker id=0] Cached leader info PartitionState(controllerEpoch=1, leader=0, leaderEpoch=0, isr=[0], zkVersion=0, replicas=[0], offlineReplicas=[]) for partition cleaned_tweet-0 in response to UpdateMetadata request sent by controller 0 epoch 2 with correlation id 0 (state.change.logger)
[2019-01-24 08:49:26,751] TRACE [Broker id=0] Cached leader info PartitionState(controllerEpoch=1, leader=0, leaderEpoch=0, isr=[0], zkVersion=0, replicas=[0], offlineReplicas=[]) for partition raw_tweets-0 in response to UpdateMetadata request sent by controller 0 epoch 2 with correlation id 0 (state.change.logger)
[2019-01-24 08:49:26,751] TRACE [Broker id=0] Cached leader info PartitionState(controllerEpoch=1, leader=0, leaderEpoch=0, isr=[0], zkVersion=0, replicas=[0], offlineReplicas=[]) for partition parsed_tweet-0 in response to UpdateMetadata request sent by controller 0 epoch 2 with correlation id 0 (state.change.logger)
[2019-01-24 08:49:26,752] TRACE [Broker id=0] Cached leader info PartitionState(controllerEpoch=1, leader=0, leaderEpoch=0, isr=[0], zkVersion=0, replicas=[0], offlineReplicas=[]) for partition normalized_tweet-0 in response to UpdateMetadata request sent by controller 0 epoch 2 with correlation id 0 (state.change.logger)
[2019-01-24 08:49:26,752] TRACE [Controller id=0 epoch=2] Received response {error_code=0} for request UPDATE_METADATA with correlation id 0 sent to broker 172.30.219.13:9092 (id: 0 rack: null) (state.change.logger)
[2019-01-24 08:49:26,753] TRACE [Broker id=0] Received LeaderAndIsr request PartitionState(controllerEpoch=1, leader=0, leaderEpoch=0, isr=0, zkVersion=0, replicas=0, isNew=false) correlation id 1 from controller 0 epoch 2 for partition cleaned_tweet-0 (state.change.logger)
[2019-01-24 08:49:26,753] TRACE [Broker id=0] Received LeaderAndIsr request PartitionState(controllerEpoch=1, leader=0, leaderEpoch=0, isr=0, zkVersion=0, replicas=0, isNew=false) correlation id 1 from controller 0 epoch 2 for partition raw_tweets-0 (state.change.logger)
[2019-01-24 08:49:26,753] TRACE [Broker id=0] Received LeaderAndIsr request PartitionState(controllerEpoch=1, leader=0, leaderEpoch=0, isr=0, zkVersion=0, replicas=0, isNew=false) correlation id 1 from controller 0 epoch 2 for partition parsed_tweet-0 (state.change.logger)
[2019-01-24 08:49:26,753] TRACE [Broker id=0] Received LeaderAndIsr request PartitionState(controllerEpoch=1, leader=0, leaderEpoch=0, isr=0, zkVersion=0, replicas=0, isNew=false) correlation id 1 from controller 0 epoch 2 for partition normalized_tweet-0 (state.change.logger)
[2019-01-24 08:49:26,755] WARN [Broker id=0] Ignoring LeaderAndIsr request from controller 0 with correlation id 1 epoch 2 for partition cleaned_tweet-0 since its associated leader epoch 0 is not higher than the current leader epoch 0 (state.change.logger)
[2019-01-24 08:49:26,755] WARN [Broker id=0] Ignoring LeaderAndIsr request from controller 0 with correlation id 1 epoch 2 for partition raw_tweets-0 since its associated leader epoch 0 is not higher than the current leader epoch 0 (state.change.logger)
[2019-01-24 08:49:26,755] WARN [Broker id=0] Ignoring LeaderAndIsr request from controller 0 with correlation id 1 epoch 2 for partition parsed_tweet-0 since its associated leader epoch 0 is not higher than the current leader epoch 0 (state.change.logger)
[2019-01-24 08:49:26,755] WARN [Broker id=0] Ignoring LeaderAndIsr request from controller 0 with correlation id 1 epoch 2 for partition normalized_tweet-0 since its associated leader epoch 0 is not higher than the current leader epoch 0 (state.change.logger)
[2019-01-24 08:49:26,756] TRACE [Controller id=0 epoch=2] Received response {error_code=0,partitions=[{topic=cleaned_tweet,partition=0,error_code=11},{topic=raw_tweets,partition=0,error_code=11},{topic=parsed_tweet,partition=0,error_code=11},{topic=normalized_tweet,partition=0,error_code=11}]} for request LEADER_AND_ISR with correlation id 1 sent to broker 172.30.219.13:9092 (id: 0 rack: null) (state.change.logger)
[2019-01-24 08:49:26,756] TRACE [Broker id=0] Cached leader info PartitionState(controllerEpoch=1, leader=0, leaderEpoch=0, isr=[0], zkVersion=0, replicas=[0], offlineReplicas=[]) for partition cleaned_tweet-0 in response to UpdateMetadata request sent by controller 0 epoch 2 with correlation id 2 (state.change.logger)
[2019-01-24 08:49:26,756] TRACE [Broker id=0] Cached leader info PartitionState(controllerEpoch=1, leader=0, leaderEpoch=0, isr=[0], zkVersion=0, replicas=[0], offlineReplicas=[]) for partition raw_tweets-0 in response to UpdateMetadata request sent by controller 0 epoch 2 with correlation id 2 (state.change.logger)
[2019-01-24 08:49:26,757] TRACE [Broker id=0] Cached leader info PartitionState(controllerEpoch=1, leader=0, leaderEpoch=0, isr=[0], zkVersion=0, replicas=[0], offlineReplicas=[]) for partition parsed_tweet-0 in response to UpdateMetadata request sent by controller 0 epoch 2 with correlation id 2 (state.change.logger)
[2019-01-24 08:49:26,757] TRACE [Broker id=0] Cached leader info PartitionState(controllerEpoch=1, leader=0, leaderEpoch=0, isr=[0], zkVersion=0, replicas=[0], offlineReplicas=[]) for partition normalized_tweet-0 in response to UpdateMetadata request sent by controller 0 epoch 2 with correlation id 2 (state.change.logger)
[2019-01-24 08:49:26,757] TRACE [Controller id=0 epoch=2] Received response {error_code=0} for request UPDATE_METADATA with correlation id 2 sent to broker 172.30.219.13:9092 (id: 0 rack: null) (state.change.logger)
